<?xml version="1.0" encoding="UTF-8"?>
<!-- Generated by org.testng.reporters.JUnitReportReporter -->
<testsuite name="com.org.pune.MavenSelenium.NewtoursAutomatesite" tests="4" time="56.519" ignored="0" failures="0" timestamp="03 Jul 2019 05:47:10 GMT" skipped="0" hostname="DESKTOP-9RKPRPI" errors="0">
  <testcase name="teardown" time="1.044" classname="com.org.pune.MavenSelenium.NewtoursAutomatesite"/>
  <testcase name="signin" time="7.205" classname="com.org.pune.MavenSelenium.NewtoursAutomatesite"/>
  <testcase name="setup" time="41.445" classname="com.org.pune.MavenSelenium.NewtoursAutomatesite"/>
  <testcase name="submit" time="6.825" classname="com.org.pune.MavenSelenium.NewtoursAutomatesite"/>
</testsuite> <!-- com.org.pune.MavenSelenium.NewtoursAutomatesite -->
